#
# A fatal error has been detected by the Java Runtime Environment:
#
#  EXCEPTION_ACCESS_VIOLATION (0xc0000005) at pc=0x00000228eb35396f, pid=76060, tid=62332
#
# JRE version: Java(TM) SE Runtime Environment (23.0.1+11) (build 23.0.1+11-39)
# Java VM: Java HotSpot(TM) 64-Bit Server VM (23.0.1+11-39, mixed mode, emulated-client, sharing, tiered, compressed oops, compressed class ptrs, g1 gc, windows-amd64)
# Problematic frame:
# v  ~MethodHandlesAdapterBlob 0x00000228eb35396f
#
# No core dump will be written. Minidumps are not enabled by default on client versions of Windows
#
# If you would like to submit a bug report, please visit:
#   https://bugreport.java.com/bugreport/crash.jsp
#

---------------  S U M M A R Y ------------

Command Line: -XX:+ShowCodeDetailsInExceptionMessages -agentlib:jdwp=transport=dt_socket,suspend=y,address=localhost:58666 -Dcom.sun.management.jmxremote -Dcom.sun.management.jmxremote.port=58664 -Dcom.sun.management.jmxremote.authenticate=false -Dcom.sun.management.jmxremote.ssl=false -Djava.rmi.server.hostname=localhost -Dspring.jmx.enabled=true -Dmanagement.endpoints.jmx.exposure.include=* -Dspring.application.admin.enabled=true -XX:TieredStopAtLevel=1 -Dspring.boot.project.name=grocerystoreproject -javaagent:E:\Softwares\spring-tool-suite-4-4.26.0.RELEASE-e4.33.0-win32.win32.x86_64\sts-4.26.0.RELEASE\configuration\org.eclipse.osgi\271\0\.cp\lib\javaagent-shaded.jar -Dfile.encoding=UTF-8 -Dstdout.encoding=UTF-8 -Dstderr.encoding=UTF-8 com.grocerystore.GroceryStoreProjectApplication --spring.output.ansi.enabled=always

Host: Intel(R) Core(TM) i7-8650U CPU @ 1.90GHz, 8 cores, 31G,  Windows 10 , 64 bit Build 19041 (10.0.19041.5072)
Time: Tue Nov  5 23:59:47 2024 India Standard Time elapsed time: 999.811807 seconds (0d 0h 16m 39s)

---------------  T H R E A D  ---------------

Current thread (0x00000228c6354350):  JavaThread "restartedMain"        [_thread_in_Java, id=62332, stack(0x000000a013300000,0x000000a013400000) (1024K)]

Stack: [0x000000a013300000,0x000000a013400000],  sp=0x000000a0133fd0c8,  free space=1012k
Native frames: (J=compiled Java code, j=interpreted, Vv=VM code, C=native code)
C  0x00000228eb35396f  (no source info available)

The last pc belongs to _linkToSpecial (printed below).

siginfo: EXCEPTION_ACCESS_VIOLATION (0xc0000005), reading address 0xfffffffffffffff7


Registers:
RAX=0x00000228eb328f26, RBX=0x0000000606edee80, RCX=0xfffffffffffffff7, RDX=0x0000000000000002
RSP=0x000000a0133fd0c8, RBP=0x000000a0133fd118, RSI=0x00000228c8bd1c48, RDI=0x00000228c87f90a0
R8 =0x0000000000000004, R9 =0x0000000000000004, R10=0x00007ffa643c3560, R11=0x00000228801e5a98
R12=0x0000000000000000, R13=0x000000a0133fd0c8, R14=0x000000a0133fd138, R15=0x00000228c6354350
RIP=0x00000228eb35396f, EFLAGS=0x0000000000010202


Register to memory mapping:

RAX=0x00000228eb328f26 is at code_begin+3174 in an Interpreter codelet
return entry points  [0x00000228eb3282c0, 0x00000228eb32a1c8]  7944 bytes
RBX=0x0000000606edee80 is an oop: com.grocerystore.entities.GroceryItem 
{0x0000000606edee80} - klass: 'com/grocerystore/entities/GroceryItem'
 - ---- fields (total size 4 words):
 - private 'id' 'Ljava/lang/Long;' @12  null (0x00000000)
 - private 'name' 'Ljava/lang/String;' @16  null (0x00000000)
 - private 'description' 'Ljava/lang/String;' @20  null (0x00000000)
 - private 'price' 'Ljava/lang/Double;' @24  null (0x00000000)
 - private 'inventory' 'Ljava/lang/Long;' @28  null (0x00000000)
RCX=0xfffffffffffffff7 is an unknown value
RDX=0x0000000000000002 is an unknown value
RSP=0x000000a0133fd0c8 is pointing into the stack for thread: 0x00000228c6354350
RBP=0x000000a0133fd118 is pointing into the stack for thread: 0x00000228c6354350
RSI=0x00000228c8bd1c48 points into unknown readable memory: 0x80001c010a5d534a | 4a 53 5d 0a 01 1c 00 80
RDI=0x00000228c87f90a0 points into unknown readable memory: 0x0000001800000070 | 70 00 00 00 18 00 00 00
R8 =0x0000000000000004 is an unknown value
R9 =0x0000000000000004 is an unknown value
R10=0x00007ffa643c3560 jvm.dll
R11={method} {0x00000228801e5aa0} 'newInvokeSpecial' '(Ljava/lang/Object;)Ljava/lang/Object;' in 'java/lang/invoke/DirectMethodHandle$Holder'
R12=0x0 is null
R13=0x000000a0133fd0c8 is pointing into the stack for thread: 0x00000228c6354350
R14=0x000000a0133fd138 is pointing into the stack for thread: 0x00000228c6354350
R15=0x00000228c6354350 is a thread

Top of Stack: (sp=0x000000a0133fd0c8)
0x000000a0133fd0c8:   00000228eb328f26 fffffffffffffff7
0x000000a0133fd0d8:   00000228807f220f 0000000000000004
0x000000a0133fd0e8:   00000228801e1d88 000000a0133fd238
0x000000a0133fd0f8:   00000006022844a0 00000228801e5a98
0x000000a0133fd108:   fffffffffffffff6 000000a0133fd140
0x000000a0133fd118:   000000a0133fd3f0 00000228eb724433
0x000000a0133fd128:   0000000606ededd8 0000000606edee80
0x000000a0133fd138:   0000000606edee38 0000000606edcec0
0x000000a0133fd148:   0000000606edcb10 000000060402e870
0x000000a0133fd158:   0000000606edcef0 000000a0133fd3f0
0x000000a0133fd168:   00000228ebb59a8c 0000000606debfe8
0x000000a0133fd178:   0000000606edeb88 0000000000000000
0x000000a0133fd188:   00000006021bfa68 00000228802af838
0x000000a0133fd198:   0000000000000000 000000a0133fd518
0x000000a0133fd1a8:   00000228eb636b9c 00000228eb328f26
0x000000a0133fd1b8:   0000000000000000 0000000602283210
0x000000a0133fd1c8:   000000060402cd30 0000000606df3f28
0x000000a0133fd1d8:   0000000606df3f28 0000000606edcef0
0x000000a0133fd1e8:   0000000600000000 0000000606edee68
0x000000a0133fd1f8:   0000000000000000 000000a0133fd3f0
0x000000a0133fd208:   00000228ebb59f44 0000000606debfe8
0x000000a0133fd218:   00000228eb73a720 000000a0133fd518
0x000000a0133fd228:   00000228eb9b2f24 0000000606edee38
0x000000a0133fd238:   000000a00000002a 0000000000000000
0x000000a0133fd248:   0000000606edebd8 0000000000000000
0x000000a0133fd258:   0000000606edebd8 0000000606ed1f80
0x000000a0133fd268:   0000000000000000 0000000606df3f28
0x000000a0133fd278:   0000000606edee68 0000000000000025
0x000000a0133fd288:   00000006022e37d8 00000006022e3800
0x000000a0133fd298:   00000228eb723b04 000000a0133fd3f0
0x000000a0133fd2a8:   00000228eb7217ca 000000060225e648
0x000000a0133fd2b8:   0000022800000026 0000000602265d10 

Instructions: (pc=0x00000228eb35396f)
0x00000228eb35386f:   48 c1 e3 03 8b 5b 28 48 c1 e3 03 8b 5b 24 48 c1
0x00000228eb35387f:   e3 03 48 8b 5b 10 48 85 db 0f 84 10 00 00 00 41
0x00000228eb35388f:   80 bf e0 05 00 00 00 74 03 ff 63 38 ff 63 50 e9
0x00000228eb35389f:   bd 16 00 00 66 66 66 0f 1f 84 00 00 00 00 00 66
0x00000228eb3538af:   66 66 90 66 66 0f 1f 84 00 00 00 00 00 66 66 66
0x00000228eb3538bf:   90 48 8b 53 08 0f b7 52 2e 48 8b 0c d4 58 5b 50
0x00000228eb3538cf:   44 8b 51 08 49 bb 00 00 00 80 28 02 00 00 4d 03
0x00000228eb3538df:   d3 4c 8b 5b 10 4b 8b 9c da d0 01 00 00 48 85 db
0x00000228eb3538ef:   0f 84 10 00 00 00 41 80 bf e0 05 00 00 00 74 03
0x00000228eb3538ff:   ff 63 38 ff 63 50 e9 56 16 00 00 66 66 66 0f 1f
0x00000228eb35390f:   84 00 00 00 00 00 66 66 66 90 0f 1f 80 00 00 00
0x00000228eb35391f:   00 58 5b 50 8b 5b 24 48 c1 e3 03 48 8b 5b 10 48
0x00000228eb35392f:   85 db 0f 84 10 00 00 00 41 80 bf e0 05 00 00 00
0x00000228eb35393f:   74 03 ff 63 38 ff 63 50 e9 14 16 00 00 66 66 66
0x00000228eb35394f:   0f 1f 84 00 00 00 00 00 66 66 66 90 0f 1f 44 00
0x00000228eb35395f:   00 48 8b 53 08 0f b7 52 2e 48 8b 0c d4 58 5b 50
0x00000228eb35396f:   48 3b 01 8b 5b 24 48 c1 e3 03 48 8b 5b 10 48 85
0x00000228eb35397f:   db 0f 84 10 00 00 00 41 80 bf e0 05 00 00 00 74
0x00000228eb35398f:   03 ff 63 38 ff 63 50 e9 c5 15 00 00 0f 1f 44 00
0x00000228eb35399f:   00 48 8b 53 08 0f b7 52 2e 48 8b 0c d4 58 5b 50
0x00000228eb3539af:   44 8b 51 08 49 bb 00 00 00 80 28 02 00 00 4d 03
0x00000228eb3539bf:   d3 8b 43 18 48 c1 e0 03 48 8b 40 10 48 8b 5b 10
0x00000228eb3539cf:   45 8b 9a ac 00 00 00 4f 8d 9c da d0 01 00 00 4d
0x00000228eb3539df:   8d 14 da 49 8b 1b 48 3b c3 74 15 48 85 db 0f 84
0x00000228eb3539ef:   32 00 00 00 49 83 c3 10 49 8b 1b 48 3b c3 75 eb
0x00000228eb3539ff:   45 8b 5b 08 4b 8b 1c 1a 48 85 db 0f 84 10 00 00
0x00000228eb353a0f:   00 41 80 bf e0 05 00 00 00 74 03 ff 63 38 ff 63
0x00000228eb353a1f:   50 e9 3b 15 00 00 e9 36 12 00 00 f4 00 00 00 00
0x00000228eb353a2f:   00 00 00 00 00 00 00 00 00 00 00 00 00 00 00 00
0x00000228eb353a3f:   00 00 00 00 00 00 00 00 00 00 00 00 00 00 00 00
0x00000228eb353a4f:   00 00 00 00 00 00 00 00 00 00 00 00 00 00 00 00
0x00000228eb353a5f:   00 00 00 00 00 00 00 00 00 00 00 00 00 00 00 00 


Stack slot to memory mapping:

stack at sp + 0 slots: 0x00000228eb328f26 is at code_begin+3174 in an Interpreter codelet
return entry points  [0x00000228eb3282c0, 0x00000228eb32a1c8]  7944 bytes
stack at sp + 1 slots: 0xfffffffffffffff7 is an unknown value
stack at sp + 2 slots: 0x00000228807f220f is pointing into metadata
stack at sp + 3 slots: 0x0000000000000004 is an unknown value
stack at sp + 4 slots: 0x00000228801e1d88 is pointing into metadata
stack at sp + 5 slots: 0x000000a0133fd238 is pointing into the stack for thread: 0x00000228c6354350
stack at sp + 6 slots: 0x00000006022844a0 is an oop: java.lang.Class 
{0x00000006022844a0} - klass: 'java/lang/Class'
 - ---- fields (total size 14 words):
 - private volatile transient 'classRedefinedCount' 'I' @12  0 (0x00000000)
 - injected 'klass' 'J' @16  2372971404160 (0x00000228801e1b80)
 - injected 'array_klass' 'J' @24  0 (0x0000000000000000)
 - injected 'oop_size' 'I' @32  14 (0x0000000e)
 - injected 'static_oop_field_count' 'I' @36  0 (0x00000000)
 - private volatile transient 'cachedConstructor' 'Ljava/lang/reflect/Constructor;' @40  null (0x00000000)
 - private transient 'name' 'Ljava/lang/String;' @44  null (0x00000000)
 - private transient 'module' 'Ljava/lang/Module;' @48  a 'java/lang/Module'{0x000000060227b688} (0xc044f6d1)
 - private final 'classLoader' 'Ljava/lang/ClassLoader;' @52  null (0x00000000)
 - private transient 'classData' 'Ljava/lang/Object;' @56  null (0x00000000)
 - private transient 'packageName' 'Ljava/lang/String;' @60  null (0x00000000)
 - private final 'componentType' 'Ljava/lang/Class;' @64  null (0x00000000)
 - private volatile transient 'reflectionData' 'Ljava/lang/ref/SoftReference;' @68  null (0x00000000)
 - private volatile transient 'genericInfo' 'Lsun/reflect/generics/repository/ClassRepository;' @72  null (0x00000000)
 - private volatile transient 'enumConstants' '[Ljava/lang/Object;' @76  null (0x00000000)
 - private volatile transient 'enumConstantDirectory' 'Ljava/util/Map;' @80  null (0x00000000)
 - private volatile transient 'annotationData' 'Ljava/lang/Class$AnnotationData;' @84  null (0x00000000)
 - private volatile transient 'annotationType' 'Lsun/reflect/annotation/AnnotationType;' @88  null (0x00000000)
 - transient 'classValueMap' 'Ljava/lang/ClassValue$ClassValueMap;' @92  null (0x00000000)
 - injected 'protection_domain' 'Ljava/lang/Object;' @96  null (0x00000000)
 - injected 'signers_name' 'Ljava/lang/Object;' @100  null (0x00000000)
 - injected 'source_file' 'Ljava/lang/Object;' @104  null (0x00000000)
 - signature: Ljava/lang/invoke/DirectMethodHandle$Holder;
 - ---- static fields (0):
stack at sp + 7 slots: {method} {0x00000228801e5aa0} 'newInvokeSpecial' '(Ljava/lang/Object;)Ljava/lang/Object;' in 'java/lang/invoke/DirectMethodHandle$Holder'

Lock stack of current Java thread (top to bottom):

MethodHandle::interpreter_entry::_linkToSpecial [0x00000228eb35394c, 0x00000228eb35399b] (79 bytes)
[MachCode]
  0x00000228eb35394c: 6666 660f | 1f84 0000 | 0000 0066 | 6666 900f | 1f44 0000 | 488b 5308 | 0fb7 522e | 488b 0cd4 
  0x00000228eb35396c: 585b 5048 | 3b01 8b5b | 2448 c1e3 | 0348 8b5b | 1048 85db | 0f84 1000 | 0000 4180 | bfe0 0500 
  0x00000228eb35398c: 0000 7403 | ff63 38ff | 6350 e9c5 | 
[/MachCode]

---------------  P R O C E S S  ---------------

Threads class SMR info:
_java_thread_list=0x00000228c894a750, length=27, elements={
0x00000228c10272c0, 0x00000228c1028980, 0x00000228c102c9b0, 0x00000228c1030530,
0x00000228c1034700, 0x00000228c103aa20, 0x00000228c103c840, 0x00000228c11284d0,
0x00000228c11baa80, 0x00000228c11bd120, 0x00000228c11c17d0, 0x00000228c1956ab0,
0x00000228c1b2eb50, 0x00000228c1b3c510, 0x00000228c1bdfcd0, 0x00000228c1edc340,
0x00000228c1ee05d0, 0x00000228c1ee7970, 0x00000228c7f204b0, 0x00000228c7f21860,
0x00000228c8c906a0, 0x00000228c6352fa0, 0x00000228c6354350, 0x00000228c6351bf0,
0x00000228c6352280, 0x00000228c6353630, 0x00000228c6352910
}

Java Threads: ( => current thread )
  0x00000228c10272c0 JavaThread "Reference Handler"          daemon [_thread_blocked, id=78740, stack(0x000000a013c00000,0x000000a013d00000) (1024K)]
  0x00000228c1028980 JavaThread "Finalizer"                  daemon [_thread_blocked, id=66448, stack(0x000000a013d00000,0x000000a013e00000) (1024K)]
  0x00000228c102c9b0 JavaThread "Signal Dispatcher"          daemon [_thread_blocked, id=43940, stack(0x000000a013e00000,0x000000a013f00000) (1024K)]
  0x00000228c1030530 JavaThread "Attach Listener"            daemon [_thread_blocked, id=80444, stack(0x000000a013f00000,0x000000a014000000) (1024K)]
  0x00000228c1034700 JavaThread "Service Thread"             daemon [_thread_blocked, id=67672, stack(0x000000a014000000,0x000000a014100000) (1024K)]
  0x00000228c103aa20 JavaThread "Monitor Deflation Thread"   daemon [_thread_blocked, id=80008, stack(0x000000a014100000,0x000000a014200000) (1024K)]
  0x00000228c103c840 JavaThread "C1 CompilerThread0"         daemon [_thread_blocked, id=78424, stack(0x000000a014200000,0x000000a014300000) (1024K)]
  0x00000228c11284d0 JavaThread "Common-Cleaner"             daemon [_thread_blocked, id=73492, stack(0x000000a014300000,0x000000a014400000) (1024K)]
  0x00000228c11baa80 JavaThread "JDWP Transport Listener: dt_socket" daemon [_thread_blocked, id=18068, stack(0x000000a014600000,0x000000a014700000) (1024K)]
  0x00000228c11bd120 JavaThread "JDWP Event Helper Thread"   daemon [_thread_blocked, id=64188, stack(0x000000a014700000,0x000000a014800000) (1024K)]
  0x00000228c11c17d0 JavaThread "JDWP Command Reader"        daemon [_thread_blocked, id=74532, stack(0x000000a014800000,0x000000a014900000) (1024K)]
  0x00000228c1956ab0 JavaThread "Notification Thread"        daemon [_thread_blocked, id=78772, stack(0x000000a014900000,0x000000a014a00000) (1024K)]
  0x00000228c1b2eb50 JavaThread "RMI TCP Accept-0"           daemon [_thread_in_native, id=60972, stack(0x000000a014b00000,0x000000a014c00000) (1024K)]
  0x00000228c1b3c510 JavaThread "RMI TCP Accept-58664"       daemon [_thread_in_native, id=61988, stack(0x000000a014c00000,0x000000a014d00000) (1024K)]
  0x00000228c1bdfcd0 JavaThread "RMI TCP Accept-0"           daemon [_thread_in_native, id=81288, stack(0x000000a015400000,0x000000a015500000) (1024K)]
  0x00000228c1edc340 JavaThread "RMI Scheduler(0)"           daemon [_thread_blocked, id=29968, stack(0x000000a015600000,0x000000a015700000) (1024K)]
  0x00000228c1ee05d0 JavaThread "RMI TCP Connection(idle)"   daemon [_thread_blocked, id=71312, stack(0x000000a015700000,0x000000a015800000) (1024K)]
  0x00000228c1ee7970 JavaThread "JMX server connection timeout 38" daemon [_thread_blocked, id=69468, stack(0x000000a015800000,0x000000a015900000) (1024K)]
  0x00000228c7f204b0 JavaThread "PostgreSQL-JDBC-Cleaner"    daemon [_thread_blocked, id=75752, stack(0x000000a016000000,0x000000a016100000) (1024K)]
  0x00000228c7f21860 JavaThread "Live Reload Server"         daemon [_thread_in_native, id=41448, stack(0x000000a016500000,0x000000a016600000) (1024K)]
  0x00000228c8c906a0 JavaThread "DestroyJavaVM"                     [_thread_blocked, id=75472, stack(0x000000a013400000,0x000000a013500000) (1024K)]
  0x00000228c6352fa0 JavaThread "Thread-39"                         [_thread_blocked, id=68472, stack(0x000000a013100000,0x000000a013200000) (1024K)]
=>0x00000228c6354350 JavaThread "restartedMain"                     [_thread_in_Java, id=62332, stack(0x000000a013300000,0x000000a013400000) (1024K)]
  0x00000228c6351bf0 JavaThread "Catalina-utility-1"                [_thread_blocked, id=63976, stack(0x000000a014400000,0x000000a014500000) (1024K)]
  0x00000228c6352280 JavaThread "Catalina-utility-2"                [_thread_blocked, id=39876, stack(0x000000a014500000,0x000000a014600000) (1024K)]
  0x00000228c6353630 JavaThread "container-0"                       [_thread_blocked, id=70732, stack(0x000000a014a00000,0x000000a014b00000) (1024K)]
  0x00000228c6352910 JavaThread "grocery-store housekeeper"  daemon [_thread_blocked, id=74232, stack(0x000000a015500000,0x000000a015600000) (1024K)]
Total: 27

Other Threads:
  0x00000228c100baf0 VMThread "VM Thread"                           [id=75460, stack(0x000000a013b00000,0x000000a013c00000) (1024K)] _threads_hazard_ptr=0x00000228c894a750
  0x00000228f87ba890 WatcherThread "VM Periodic Task Thread"        [id=77676, stack(0x000000a013a00000,0x000000a013b00000) (1024K)]
  0x00000228f85ffc90 WorkerThread "GC Thread#0"                     [id=81376, stack(0x000000a013500000,0x000000a013600000) (1024K)]
  0x00000228c1b5eff0 WorkerThread "GC Thread#1"                     [id=82380, stack(0x000000a014d00000,0x000000a014e00000) (1024K)]
  0x00000228c1b5f3a0 WorkerThread "GC Thread#2"                     [id=72908, stack(0x000000a014e00000,0x000000a014f00000) (1024K)]
  0x00000228c1b5f750 WorkerThread "GC Thread#3"                     [id=47668, stack(0x000000a014f00000,0x000000a015000000) (1024K)]
  0x00000228c1b5fb00 WorkerThread "GC Thread#4"                     [id=68012, stack(0x000000a015000000,0x000000a015100000) (1024K)]
  0x00000228c1b5feb0 WorkerThread "GC Thread#5"                     [id=64152, stack(0x000000a015100000,0x000000a015200000) (1024K)]
  0x00000228c1b60260 WorkerThread "GC Thread#6"                     [id=52996, stack(0x000000a015200000,0x000000a015300000) (1024K)]
  0x00000228c1b60a10 WorkerThread "GC Thread#7"                     [id=67716, stack(0x000000a015300000,0x000000a015400000) (1024K)]
  0x00000228e25242d0 ConcurrentGCThread "G1 Main Marker"            [id=65704, stack(0x000000a013600000,0x000000a013700000) (1024K)]
  0x00000228e2524a90 WorkerThread "G1 Conc#0"                       [id=66860, stack(0x000000a013700000,0x000000a013800000) (1024K)]
  0x00000228c6ef9c60 WorkerThread "G1 Conc#1"                       [id=60516, stack(0x000000a015c00000,0x000000a015d00000) (1024K)]
  0x00000228f8681260 ConcurrentGCThread "G1 Refine#0"               [id=25012, stack(0x000000a013800000,0x000000a013900000) (1024K)]
  0x00000228f8681a90 ConcurrentGCThread "G1 Service"                [id=75080, stack(0x000000a013900000,0x000000a013a00000) (1024K)]
Total: 15

Threads with active compile tasks:
Total: 0

VM state: synchronizing (normal execution)

VM Mutex/Monitor currently owned by a thread:  ([mutex/lock_event])
[0x00007ffa643b3910] Threads_lock - owner thread: 0x00000228c100baf0

Heap address: 0x0000000602000000, size: 8160 MB, Compressed Oops mode: Zero based, Oop shift amount: 3

CDS archive(s) mapped at: [0x0000022880000000-0x0000022880d70000-0x0000022880d70000), size 14090240, SharedBaseAddress: 0x0000022880000000, ArchiveRelocationMode: 1.
Compressed class space mapped at: 0x0000022881000000-0x00000228c1000000, reserved size: 1073741824
Narrow klass base: 0x0000022880000000, Narrow klass shift: 0, Narrow klass range: 0x41000000

GC Precious Log:
 CardTable entry size: 512
 Card Set container configuration: InlinePtr #cards 4 size 8 Array Of Cards #cards 32 size 80 Howl #buckets 8 coarsen threshold 7372 Howl Bitmap #cards 1024 size 144 coarsen threshold 921 Card regions per heap region 1 cards per card region 8192
 CPUs: 8 total, 8 available
 Memory: 32626M
 Large Page Support: Disabled
 NUMA Support: Disabled
 Compressed Oops: Enabled (Zero based)
 Heap Region Size: 4M
 Heap Min Capacity: 8M
 Heap Initial Capacity: 512M
 Heap Max Capacity: 8160M
 Pre-touch: Disabled
 Parallel Workers: 8
 Concurrent Workers: 2
 Concurrent Refinement Workers: 8
 Periodic GC: Disabled

Heap:
 garbage-first heap   total reserved 8355840K, committed 81920K, used 30350K [0x0000000602000000, 0x0000000800000000)
  region size 4096K, 4 young (16384K), 2 survivors (8192K)
 Metaspace       used 68322K, committed 69120K, reserved 1114112K
  class space    used 9752K, committed 10112K, reserved 1048576K

Heap Regions: E=young(eden), S=young(survivor), O=old, HS=humongous(starts), HC=humongous(continues), CS=collection set, F=free, TAMS=top-at-mark-start, PB=parsable bottom
|   0|0x0000000602000000, 0x0000000602400000, 0x0000000602400000|100%| O|  |TAMS 0x0000000602000000| PB 0x0000000602000000| Untracked |  0
|   1|0x0000000602400000, 0x00000006027fcf80, 0x0000000602800000| 99%| O|  |TAMS 0x0000000602400000| PB 0x0000000602400000| Untracked |  0
|   2|0x0000000602800000, 0x0000000602bf7b88, 0x0000000602c00000| 99%| O|  |TAMS 0x0000000602800000| PB 0x0000000602800000| Untracked |  0
|   3|0x0000000602c00000, 0x0000000603000000, 0x0000000603000000|100%| O|  |TAMS 0x0000000602c00000| PB 0x0000000602c00000| Untracked |  0
|   4|0x0000000603000000, 0x0000000603400000, 0x0000000603400000|100%| O|  |TAMS 0x0000000603000000| PB 0x0000000603000000| Untracked |  0
|   5|0x0000000603400000, 0x00000006034a4b90, 0x0000000603800000| 16%| O|  |TAMS 0x0000000603400000| PB 0x0000000603400000| Untracked |  0
|   6|0x0000000603800000, 0x0000000603824108, 0x0000000603c00000|  3%| O|  |TAMS 0x0000000603800000| PB 0x0000000603800000| Untracked |  0
|   7|0x0000000603c00000, 0x0000000603ce6450, 0x0000000604000000| 22%| S|CS|TAMS 0x0000000603c00000| PB 0x0000000603c00000| Complete |  0
|   8|0x0000000604000000, 0x0000000604400000, 0x0000000604400000|100%| S|CS|TAMS 0x0000000604000000| PB 0x0000000604000000| Complete |  0
|   9|0x0000000604400000, 0x0000000604400000, 0x0000000604800000|  0%| F|  |TAMS 0x0000000604400000| PB 0x0000000604400000| Untracked |  0
|  10|0x0000000604800000, 0x0000000604800000, 0x0000000604c00000|  0%| F|  |TAMS 0x0000000604800000| PB 0x0000000604800000| Untracked |  0
|  11|0x0000000604c00000, 0x0000000604c00000, 0x0000000605000000|  0%| F|  |TAMS 0x0000000604c00000| PB 0x0000000604c00000| Untracked |  0
|  12|0x0000000605000000, 0x0000000605000000, 0x0000000605400000|  0%| F|  |TAMS 0x0000000605000000| PB 0x0000000605000000| Untracked |  0
|  13|0x0000000605400000, 0x0000000605400000, 0x0000000605800000|  0%| F|  |TAMS 0x0000000605400000| PB 0x0000000605400000| Untracked |  0
|  14|0x0000000605800000, 0x0000000605800000, 0x0000000605c00000|  0%| F|  |TAMS 0x0000000605800000| PB 0x0000000605800000| Untracked |  0
|  15|0x0000000605c00000, 0x0000000605c00000, 0x0000000606000000|  0%| F|  |TAMS 0x0000000605c00000| PB 0x0000000605c00000| Untracked |  0
|  16|0x0000000606000000, 0x0000000606000000, 0x0000000606400000|  0%| F|  |TAMS 0x0000000606000000| PB 0x0000000606000000| Untracked |  0
|  17|0x0000000606400000, 0x0000000606400000, 0x0000000606800000|  0%| F|  |TAMS 0x0000000606400000| PB 0x0000000606400000| Untracked |  0
|  18|0x0000000606800000, 0x0000000606843e50, 0x0000000606c00000|  6%| E|  |TAMS 0x0000000606800000| PB 0x0000000606800000| Complete |  0
|  19|0x0000000606c00000, 0x0000000607000000, 0x0000000607000000|100%| E|CS|TAMS 0x0000000606c00000| PB 0x0000000606c00000| Complete |  0

Card table byte_map: [0x00000228ef650000,0x00000228f0640000] _byte_map_base: 0x00000228ec640000

Marking Bits: (CMBitMap*) 0x00000228f86002b0
 Bits: [0x00000228f0640000, 0x00000228f85c0000)

Polling page: 0x00000228e00c0000

Metaspace:

Usage:
  Non-class:     57.20 MB used.
      Class:      9.52 MB used.
       Both:     66.72 MB used.

Virtual space:
  Non-class space:       64.00 MB reserved,      57.62 MB ( 90%) committed,  1 nodes.
      Class space:        1.00 GB reserved,       9.88 MB ( <1%) committed,  1 nodes.
             Both:        1.06 GB reserved,      67.50 MB (  6%) committed. 

Chunk freelists:
   Non-Class:  5.98 MB
       Class:  6.13 MB
        Both:  12.11 MB

MaxMetaspaceSize: unlimited
CompressedClassSpaceSize: 1.00 GB
Initial GC threshold: 21.00 MB
Current GC threshold: 112.44 MB
CDS: on
 - commit_granule_bytes: 65536.
 - commit_granule_words: 8192.
 - virtual_space_node_default_size: 8388608.
 - enlarge_chunks_in_place: 1.
 - use_allocation_guard: 0.


Internal statistics:

num_allocs_failed_limit: 11.
num_arena_births: 1808.
num_arena_deaths: 956.
num_vsnodes_births: 2.
num_vsnodes_deaths: 0.
num_space_committed: 1080.
num_space_uncommitted: 0.
num_chunks_returned_to_freelist: 1050.
num_chunks_taken_from_freelist: 4493.
num_chunk_merges: 171.
num_chunk_splits: 2849.
num_chunks_enlarged: 2244.
num_inconsistent_stats: 0.

CodeCache: size=49152Kb used=12177Kb max_used=13649Kb free=36974Kb
 bounds [0x00000228eb320000, 0x00000228ec080000, 0x00000228ee320000]
 total_blobs=8523, nmethods=7793, adapters=654, full_count=0
Compilation: enabled, stopped_count=0, restarted_count=0

Compilation events (20 events):
Event: 965.766 Thread 0x00000228c6c474c0 nmethod 10550 0x00000228ebf9fe88 code [0x00000228ebfa02a0, 0x00000228ebfa1588]
Event: 965.766 Thread 0x00000228c103c840 nmethod 10552 0x00000228ebf9fa88 code [0x00000228ebf9fbe0, 0x00000228ebf9fe18]
Event: 965.766 Thread 0x00000228c6c474c0 10553       1       sun.security.provider.MD5::implCompressCheck (18 bytes)
Event: 965.766 Thread 0x00000228c103c840 10554       1       sun.security.provider.MD5::implCompress0 (1407 bytes)
Event: 965.766 Thread 0x00000228c6c474c0 nmethod 10553 0x00000228ebf9f708 code [0x00000228ebf9f840, 0x00000228ebf9fa40]
Event: 965.769 Thread 0x00000228c103c840 nmethod 10554 0x00000228ebf9e408 code [0x00000228ebf9e580, 0x00000228ebf9f620]
Event: 965.932 Thread 0x00000228c103c840 10555       1       org.postgresql.core.Parser::parseCreateKeyword (93 bytes)
Event: 965.932 Thread 0x00000228c6c474c0 10556       1       org.postgresql.core.Parser::parseUpdateKeyword (93 bytes)
Event: 965.932 Thread 0x00000228c6c474c0 nmethod 10556 0x00000228ebf9e088 code [0x00000228ebf9e1a0, 0x00000228ebf9e3c0]
Event: 965.932 Thread 0x00000228c103c840 nmethod 10555 0x00000228ebf9dd08 code [0x00000228ebf9de20, 0x00000228ebf9e040]
Event: 965.932 Thread 0x00000228c6c474c0 10557       1       org.postgresql.core.Parser::parseDeleteKeyword (93 bytes)
Event: 965.932 Thread 0x00000228c103c840 10558       1       org.postgresql.core.Parser::parseSelectKeyword (93 bytes)
Event: 965.932 Thread 0x00000228c6c474c0 nmethod 10557 0x00000228ebf9d988 code [0x00000228ebf9daa0, 0x00000228ebf9dcc0]
Event: 965.932 Thread 0x00000228c103c840 nmethod 10558 0x00000228ebf9d608 code [0x00000228ebf9d720, 0x00000228ebf9d940]
Event: 966.005 Thread 0x00000228c103c840 10559       1       sun.util.calendar.ZoneInfo::clone (15 bytes)
Event: 966.005 Thread 0x00000228c6c474c0 10560   !   1       java.util.TimeZone::clone (15 bytes)
Event: 966.006 Thread 0x00000228c6c474c0 nmethod 10560 0x00000228ebf9d308 code [0x00000228ebf9d440, 0x00000228ebf9d5f0]
Event: 966.006 Thread 0x00000228c103c840 nmethod 10559 0x00000228ebf9cf08 code [0x00000228ebf9d040, 0x00000228ebf9d270]
Event: 966.038 Thread 0x00000228c103c840 10561       1       java.io.Writer::<init> (22 bytes)
Event: 966.038 Thread 0x00000228c103c840 nmethod 10561 0x00000228ebf9cb88 code [0x00000228ebf9ccc0, 0x00000228ebf9cea0]

GC Heap History (20 events):
Event: 763.196 GC heap before
{Heap before GC invocations=55 (full 8):
 garbage-first heap   total reserved 8355840K, committed 81920K, used 61969K [0x0000000602000000, 0x0000000800000000)
  region size 4096K, 10 young (40960K), 2 survivors (8192K)
 Metaspace       used 67862K, committed 68544K, reserved 1114112K
  class space    used 9675K, committed 9984K, reserved 1048576K
}
Event: 763.200 GC heap after
{Heap after GC invocations=56 (full 8):
 garbage-first heap   total reserved 8355840K, committed 81920K, used 29869K [0x0000000602000000, 0x0000000800000000)
  region size 4096K, 1 young (4096K), 1 survivors (4096K)
 Metaspace       used 67862K, committed 68544K, reserved 1114112K
  class space    used 9675K, committed 9984K, reserved 1048576K
}
Event: 797.733 GC heap before
{Heap before GC invocations=56 (full 8):
 garbage-first heap   total reserved 8355840K, committed 81920K, used 66733K [0x0000000602000000, 0x0000000800000000)
  region size 4096K, 10 young (40960K), 1 survivors (4096K)
 Metaspace       used 67862K, committed 68544K, reserved 1114112K
  class space    used 9675K, committed 9984K, reserved 1048576K
}
Event: 797.735 GC heap after
{Heap after GC invocations=57 (full 8):
 garbage-first heap   total reserved 8355840K, committed 81920K, used 29345K [0x0000000602000000, 0x0000000800000000)
  region size 4096K, 1 young (4096K), 1 survivors (4096K)
 Metaspace       used 67862K, committed 68544K, reserved 1114112K
  class space    used 9675K, committed 9984K, reserved 1048576K
}
Event: 820.004 GC heap before
{Heap before GC invocations=57 (full 8):
 garbage-first heap   total reserved 8355840K, committed 81920K, used 53921K [0x0000000602000000, 0x0000000800000000)
  region size 4096K, 8 young (32768K), 1 survivors (4096K)
 Metaspace       used 67865K, committed 68544K, reserved 1114112K
  class space    used 9675K, committed 9984K, reserved 1048576K
}
Event: 820.056 GC heap after
{Heap after GC invocations=58 (full 9):
 garbage-first heap   total reserved 8355840K, committed 81920K, used 21614K [0x0000000602000000, 0x0000000800000000)
  region size 4096K, 0 young (0K), 0 survivors (0K)
 Metaspace       used 67831K, committed 68544K, reserved 1114112K
  class space    used 9666K, committed 9984K, reserved 1048576K
}
Event: 820.690 GC heap before
{Heap before GC invocations=58 (full 9):
 garbage-first heap   total reserved 8355840K, committed 81920K, used 66670K [0x0000000602000000, 0x0000000800000000)
  region size 4096K, 12 young (49152K), 0 survivors (0K)
 Metaspace       used 68030K, committed 68736K, reserved 1114112K
  class space    used 9715K, committed 9984K, reserved 1048576K
}
Event: 820.694 GC heap after
{Heap after GC invocations=59 (full 9):
 garbage-first heap   total reserved 8355840K, committed 81920K, used 27052K [0x0000000602000000, 0x0000000800000000)
  region size 4096K, 2 young (8192K), 2 survivors (8192K)
 Metaspace       used 68030K, committed 68736K, reserved 1114112K
  class space    used 9715K, committed 9984K, reserved 1048576K
}
Event: 832.686 GC heap before
{Heap before GC invocations=59 (full 9):
 garbage-first heap   total reserved 8355840K, committed 81920K, used 63916K [0x0000000602000000, 0x0000000800000000)
  region size 4096K, 11 young (45056K), 2 survivors (8192K)
 Metaspace       used 68267K, committed 68992K, reserved 1114112K
  class space    used 9742K, committed 10048K, reserved 1048576K
}
Event: 832.691 GC heap after
{Heap after GC invocations=60 (full 9):
 garbage-first heap   total reserved 8355840K, committed 81920K, used 29911K [0x0000000602000000, 0x0000000800000000)
  region size 4096K, 2 young (8192K), 2 survivors (8192K)
 Metaspace       used 68267K, committed 68992K, reserved 1114112K
  class space    used 9742K, committed 10048K, reserved 1048576K
}
Event: 863.887 GC heap before
{Heap before GC invocations=60 (full 9):
 garbage-first heap   total reserved 8355840K, committed 81920K, used 62679K [0x0000000602000000, 0x0000000800000000)
  region size 4096K, 10 young (40960K), 2 survivors (8192K)
 Metaspace       used 68267K, committed 68992K, reserved 1114112K
  class space    used 9742K, committed 10048K, reserved 1048576K
}
Event: 863.890 GC heap after
{Heap after GC invocations=61 (full 9):
 garbage-first heap   total reserved 8355840K, committed 81920K, used 29806K [0x0000000602000000, 0x0000000800000000)
  region size 4096K, 1 young (4096K), 1 survivors (4096K)
 Metaspace       used 68267K, committed 68992K, reserved 1114112K
  class space    used 9742K, committed 10048K, reserved 1048576K
}
Event: 902.242 GC heap before
{Heap before GC invocations=61 (full 9):
 garbage-first heap   total reserved 8355840K, committed 81920K, used 70766K [0x0000000602000000, 0x0000000800000000)
  region size 4096K, 11 young (45056K), 1 survivors (4096K)
 Metaspace       used 68267K, committed 68992K, reserved 1114112K
  class space    used 9742K, committed 10048K, reserved 1048576K
}
Event: 902.246 GC heap after
{Heap after GC invocations=62 (full 9):
 garbage-first heap   total reserved 8355840K, committed 81920K, used 30097K [0x0000000602000000, 0x0000000800000000)
  region size 4096K, 2 young (8192K), 2 survivors (8192K)
 Metaspace       used 68267K, committed 68992K, reserved 1114112K
  class space    used 9742K, committed 10048K, reserved 1048576K
}
Event: 932.895 GC heap before
{Heap before GC invocations=62 (full 9):
 garbage-first heap   total reserved 8355840K, committed 81920K, used 62865K [0x0000000602000000, 0x0000000800000000)
  region size 4096K, 10 young (40960K), 2 survivors (8192K)
 Metaspace       used 68267K, committed 68992K, reserved 1114112K
  class space    used 9742K, committed 10048K, reserved 1048576K
}
Event: 932.899 GC heap after
{Heap after GC invocations=63 (full 9):
 garbage-first heap   total reserved 8355840K, committed 81920K, used 29164K [0x0000000602000000, 0x0000000800000000)
  region size 4096K, 1 young (4096K), 1 survivors (4096K)
 Metaspace       used 68267K, committed 68992K, reserved 1114112K
  class space    used 9742K, committed 10048K, reserved 1048576K
}
Event: 964.045 GC heap before
{Heap before GC invocations=63 (full 9):
 garbage-first heap   total reserved 8355840K, committed 81920K, used 61932K [0x0000000602000000, 0x0000000800000000)
  region size 4096K, 10 young (40960K), 1 survivors (4096K)
 Metaspace       used 68286K, committed 69056K, reserved 1114112K
  class space    used 9749K, committed 10112K, reserved 1048576K
}
Event: 964.103 GC heap after
{Heap after GC invocations=64 (full 10):
 garbage-first heap   total reserved 8355840K, committed 81920K, used 21237K [0x0000000602000000, 0x0000000800000000)
  region size 4096K, 0 young (0K), 0 survivors (0K)
 Metaspace       used 68116K, committed 69056K, reserved 1114112K
  class space    used 9702K, committed 10112K, reserved 1048576K
}
Event: 965.339 GC heap before
{Heap before GC invocations=64 (full 10):
 garbage-first heap   total reserved 8355840K, committed 81920K, used 62197K [0x0000000602000000, 0x0000000800000000)
  region size 4096K, 11 young (45056K), 0 survivors (0K)
 Metaspace       used 68276K, committed 69056K, reserved 1114112K
  class space    used 9743K, committed 10112K, reserved 1048576K
}
Event: 965.343 GC heap after
{Heap after GC invocations=65 (full 10):
 garbage-first heap   total reserved 8355840K, committed 81920K, used 26254K [0x0000000602000000, 0x0000000800000000)
  region size 4096K, 2 young (8192K), 2 survivors (8192K)
 Metaspace       used 68276K, committed 69056K, reserved 1114112K
  class space    used 9743K, committed 10112K, reserved 1048576K
}

Dll operation events (12 events):
Event: 0.017 Loaded shared library C:\Program Files\Java\jdk-23.0.1\bin\java.dll
Event: 0.191 Loaded shared library C:\Program Files\Java\jdk-23.0.1\bin\zip.dll
Event: 0.195 Loaded shared library C:\Program Files\Java\jdk-23.0.1\bin\instrument.dll
Event: 0.199 Loaded shared library C:\Program Files\Java\jdk-23.0.1\bin\net.dll
Event: 0.201 Loaded shared library C:\Program Files\Java\jdk-23.0.1\bin\nio.dll
Event: 0.205 Loaded shared library C:\Program Files\Java\jdk-23.0.1\bin\zip.dll
Event: 0.361 Loaded shared library C:\Program Files\Java\jdk-23.0.1\bin\jimage.dll
Event: 0.405 Loaded shared library C:\Program Files\Java\jdk-23.0.1\bin\management.dll
Event: 0.415 Loaded shared library C:\Program Files\Java\jdk-23.0.1\bin\management_ext.dll
Event: 0.641 Loaded shared library C:\Program Files\Java\jdk-23.0.1\bin\extnet.dll
Event: 0.665 Loaded shared library C:\Program Files\Java\jdk-23.0.1\bin\verify.dll
Event: 1.690 Loaded shared library C:\Program Files\Java\jdk-23.0.1\bin\sunmscapi.dll

Deoptimization events (20 events):
Event: 965.353 Thread 0x00000228c6354350 DEOPT PACKING pc=0x00000228eba11e04 sp=0x000000a0133fa800
Event: 965.353 Thread 0x00000228c6354350 DEOPT UNPACKING pc=0x00000228eb374b22 sp=0x000000a0133f9d38 mode 1
Event: 965.353 Thread 0x00000228c6354350 DEOPT PACKING pc=0x00000228eba13074 sp=0x000000a0133fa8f0
Event: 965.353 Thread 0x00000228c6354350 DEOPT UNPACKING pc=0x00000228eb374b22 sp=0x000000a0133f9ea0 mode 1
Event: 965.353 Thread 0x00000228c6354350 DEOPT PACKING pc=0x00000228eba13dd4 sp=0x000000a0133faa60
Event: 965.353 Thread 0x00000228c6354350 DEOPT UNPACKING pc=0x00000228eb374b22 sp=0x000000a0133fa020 mode 1
Event: 965.353 Thread 0x00000228c6354350 DEOPT PACKING pc=0x00000228eba11e04 sp=0x000000a0133fa800
Event: 965.353 Thread 0x00000228c6354350 DEOPT UNPACKING pc=0x00000228eb374b22 sp=0x000000a0133f9d38 mode 1
Event: 965.353 Thread 0x00000228c6354350 DEOPT PACKING pc=0x00000228eba13074 sp=0x000000a0133fa8f0
Event: 965.353 Thread 0x00000228c6354350 DEOPT UNPACKING pc=0x00000228eb374b22 sp=0x000000a0133f9ea0 mode 1
Event: 965.353 Thread 0x00000228c6354350 DEOPT PACKING pc=0x00000228eba13dd4 sp=0x000000a0133faa60
Event: 965.353 Thread 0x00000228c6354350 DEOPT UNPACKING pc=0x00000228eb374b22 sp=0x000000a0133fa020 mode 1
Event: 965.355 Thread 0x00000228c6354350 DEOPT PACKING pc=0x00000228eba11e04 sp=0x000000a0133facc0
Event: 965.355 Thread 0x00000228c6354350 DEOPT UNPACKING pc=0x00000228eb374b22 sp=0x000000a0133fa1f8 mode 1
Event: 965.355 Thread 0x00000228c6354350 DEOPT PACKING pc=0x00000228eba13074 sp=0x000000a0133fadb0
Event: 965.355 Thread 0x00000228c6354350 DEOPT UNPACKING pc=0x00000228eb374b22 sp=0x000000a0133fa360 mode 1
Event: 965.355 Thread 0x00000228c6354350 DEOPT PACKING pc=0x00000228eba13dd4 sp=0x000000a0133faf20
Event: 965.355 Thread 0x00000228c6354350 DEOPT UNPACKING pc=0x00000228eb374b22 sp=0x000000a0133fa4e0 mode 1
Event: 999.762 Thread 0x00000228c6354350 DEOPT PACKING pc=0x00000228eb72a214 sp=0x000000a0133fd0d0
Event: 999.762 Thread 0x00000228c6354350 DEOPT UNPACKING pc=0x00000228eb374b22 sp=0x000000a0133fc588 mode 0

Classes loaded (20 events):
Event: 45.204 Loading class java/util/stream/LongStream
Event: 45.205 Loading class java/util/stream/LongStream done
Event: 45.205 Loading class java/util/stream/DoubleStream
Event: 45.205 Loading class java/util/stream/DoubleStream done
Event: 68.487 Loading class java/util/concurrent/locks/AbstractQueuedSynchronizer$SharedNode
Event: 68.489 Loading class java/util/concurrent/locks/AbstractQueuedSynchronizer$SharedNode done
Event: 68.493 Loading class java/util/AbstractMap$2
Event: 68.493 Loading class java/util/AbstractMap$2 done
Event: 68.494 Loading class java/util/AbstractMap$ValueIterator
Event: 68.494 Loading class java/util/AbstractMap$ValueIterator done
Event: 68.559 Loading class java/lang/ref/Finalizer$2
Event: 68.559 Loading class java/lang/ref/Finalizer$2 done
Event: 68.559 Loading class java/lang/ref/Finalizer$1
Event: 68.559 Loading class java/lang/ref/Finalizer$1 done
Event: 572.446 Loading class java/time/DurationEditor
Event: 572.446 Loading class java/time/DurationEditor done
Event: 657.476 Loading class java/time/DurationEditor
Event: 657.476 Loading class java/time/DurationEditor done
Event: 820.811 Loading class java/time/DurationEditor
Event: 820.811 Loading class java/time/DurationEditor done

Classes unloaded (20 events):
Event: 964.070 Thread 0x00000228c100baf0 Unloading class 0x0000022881438000 'java/lang/invoke/LambdaForm$MH+0x0000022881438000'
Event: 964.070 Thread 0x00000228c100baf0 Unloading class 0x000002288145b800 'java/lang/invoke/LambdaForm$MH+0x000002288145b800'
Event: 964.070 Thread 0x00000228c100baf0 Unloading class 0x0000022881948000 'java/lang/invoke/LambdaForm$MH+0x0000022881948000'
Event: 964.070 Thread 0x00000228c100baf0 Unloading class 0x0000022881879800 'java/lang/invoke/LambdaForm$MH+0x0000022881879800'
Event: 964.070 Thread 0x00000228c100baf0 Unloading class 0x0000022881878800 'java/lang/invoke/LambdaForm$MH+0x0000022881878800'
Event: 964.070 Thread 0x00000228c100baf0 Unloading class 0x000002288187b000 'java/lang/invoke/LambdaForm$MH+0x000002288187b000'
Event: 964.070 Thread 0x00000228c100baf0 Unloading class 0x0000022881119400 'java/lang/invoke/LambdaForm$MH+0x0000022881119400'
Event: 964.070 Thread 0x00000228c100baf0 Unloading class 0x0000022881949000 'java/lang/invoke/LambdaForm$MH+0x0000022881949000'
Event: 964.070 Thread 0x00000228c100baf0 Unloading class 0x0000022881834000 'java/lang/invoke/LambdaForm$MH+0x0000022881834000'
Event: 964.070 Thread 0x00000228c100baf0 Unloading class 0x0000022881084400 'java/lang/invoke/LambdaForm$MH+0x0000022881084400'
Event: 964.070 Thread 0x00000228c100baf0 Unloading class 0x0000022881650400 'java/lang/invoke/LambdaForm$MH+0x0000022881650400'
Event: 964.070 Thread 0x00000228c100baf0 Unloading class 0x00000228814a4400 'java/lang/invoke/LambdaForm$MH+0x00000228814a4400'
Event: 964.070 Thread 0x00000228c100baf0 Unloading class 0x0000022881484400 'java/lang/invoke/LambdaForm$MH+0x0000022881484400'
Event: 964.070 Thread 0x00000228c100baf0 Unloading class 0x000002288145a400 'java/lang/invoke/LambdaForm$MH+0x000002288145a400'
Event: 964.070 Thread 0x00000228c100baf0 Unloading class 0x00000228813bd800 'java/lang/invoke/LambdaForm$MH+0x00000228813bd800'
Event: 964.070 Thread 0x00000228c100baf0 Unloading class 0x0000022881395800 'java/lang/invoke/LambdaForm$MH+0x0000022881395800'
Event: 964.070 Thread 0x00000228c100baf0 Unloading class 0x00000228811c4800 'java/lang/invoke/LambdaForm$MH+0x00000228811c4800'
Event: 964.070 Thread 0x00000228c100baf0 Unloading class 0x0000022881117000 'java/lang/invoke/LambdaForm$MH+0x0000022881117000'
Event: 964.070 Thread 0x00000228c100baf0 Unloading class 0x0000022881104800 'java/lang/invoke/LambdaForm$MH+0x0000022881104800'
Event: 964.070 Thread 0x00000228c100baf0 Unloading class 0x000002288108c000 'java/lang/invoke/LambdaForm$MH+0x000002288108c000'

Classes redefined (20 events):
Event: 963.329 Thread 0x00000228c100baf0 redefined class name=com.grocerystore.entities.GroceryItem, count=1
Event: 963.329 Thread 0x00000228c100baf0 redefined class name=com.grocerystore.entities.GroceryItem, count=1
Event: 963.329 Thread 0x00000228c100baf0 redefined class name=com.grocerystore.entities.GroceryItem, count=1
Event: 963.329 Thread 0x00000228c100baf0 redefined class name=com.grocerystore.entities.GroceryItem, count=1
Event: 963.329 Thread 0x00000228c100baf0 redefined class name=com.grocerystore.entities.GroceryItem, count=1
Event: 963.329 Thread 0x00000228c100baf0 redefined class name=com.grocerystore.entities.GroceryItem, count=1
Event: 963.329 Thread 0x00000228c100baf0 redefined class name=com.grocerystore.entities.GroceryItem, count=1
Event: 963.329 Thread 0x00000228c100baf0 redefined class name=com.grocerystore.entities.GroceryItem, count=1
Event: 963.329 Thread 0x00000228c100baf0 redefined class name=com.grocerystore.entities.GroceryItem, count=1
Event: 999.788 Thread 0x00000228c100baf0 redefined class name=com.grocerystore.entities.GroceryItem, count=2
Event: 999.788 Thread 0x00000228c100baf0 redefined class name=com.grocerystore.entities.GroceryItem, count=2
Event: 999.788 Thread 0x00000228c100baf0 redefined class name=com.grocerystore.entities.GroceryItem, count=2
Event: 999.788 Thread 0x00000228c100baf0 redefined class name=com.grocerystore.entities.GroceryItem, count=2
Event: 999.788 Thread 0x00000228c100baf0 redefined class name=com.grocerystore.entities.GroceryItem, count=2
Event: 999.788 Thread 0x00000228c100baf0 redefined class name=com.grocerystore.entities.GroceryItem, count=2
Event: 999.788 Thread 0x00000228c100baf0 redefined class name=com.grocerystore.entities.GroceryItem, count=2
Event: 999.788 Thread 0x00000228c100baf0 redefined class name=com.grocerystore.entities.GroceryItem, count=1
Event: 999.788 Thread 0x00000228c100baf0 redefined class name=com.grocerystore.entities.GroceryItem, count=2
Event: 999.788 Thread 0x00000228c100baf0 redefined class name=com.grocerystore.entities.GroceryItem, count=2
Event: 999.788 Thread 0x00000228c100baf0 redefined class name=com.grocerystore.entities.GroceryItem, count=2

Internal exceptions (20 events):
Event: 820.367 Thread 0x00000228c6354350 Exception <a 'java/lang/NoClassDefFoundError'{0x0000000605523508}: org/springframework/session/jdbc/JdbcIndexedSessionRepository> (0x0000000605523508) 
thrown [s\open\src\hotspot\share\oops\constantPool.cpp, line 867]
Event: 820.373 Thread 0x00000228c6354350 Exception <a 'java/lang/NoSuchMethodError'{0x00000006055b3d28}: 'void java.lang.invoke.DelegatingMethodHandle$Holder.reinvoke_L(java.lang.Object, java.lang.Object, int)'> (0x00000006055b3d28) 
thrown [s\open\src\hotspot\share\interpreter\linkResolver.cpp, line 796]
Event: 820.423 Thread 0x00000228c6354350 Exception <a 'java/lang/NoSuchMethodError'{0x0000000604c7ff28}: 'int java.lang.invoke.DirectMethodHandle$Holder.invokeVirtual(java.lang.Object, java.lang.Object, java.lang.Object, java.lang.Object)'> (0x0000000604c7ff28) 
thrown [s\open\src\hotspot\share\interpreter\linkResolver.cpp, line 796]
Event: 820.424 Thread 0x00000228c6354350 Exception <a 'java/lang/NoSuchMethodError'{0x0000000604c83528}: 'int java.lang.invoke.DelegatingMethodHandle$Holder.reinvoke_L(java.lang.Object, java.lang.Object, java.lang.Object, java.lang.Object)'> (0x0000000604c83528) 
thrown [s\open\src\hotspot\share\interpreter\linkResolver.cpp, line 796]
Event: 820.440 Thread 0x00000228c6354350 Exception <a 'java/io/FileNotFoundException'{0x0000000604cd7ac8}> (0x0000000604cd7ac8) 
thrown [s\open\src\hotspot\share\prims\jni.cpp, line 520]
Event: 820.460 Thread 0x00000228c6354350 Exception <a 'java/io/FileNotFoundException'{0x0000000604e89178}> (0x0000000604e89178) 
thrown [s\open\src\hotspot\share\prims\jni.cpp, line 520]
Event: 900.863 Thread 0x00000228c1ee05d0 Exception <a 'java/lang/NoSuchMethodError'{0x00000006046eae40}: static [B.<clinit>()V> (0x00000006046eae40) 
thrown [s\open\src\hotspot\share\prims\jni.cpp, line 1111]
Event: 964.045 Thread 0x00000228c6352280 Exception <a 'java/lang/InterruptedException'{0x0000000604ac0168}: sleep interrupted> (0x0000000604ac0168) 
thrown [s\open\src\hotspot\share\prims\jvm.cpp, line 3093]
Event: 964.125 Thread 0x00000228c6354350 Exception <a 'sun/nio/fs/WindowsException'{0x0000000606cb4130}> (0x0000000606cb4130) 
thrown [s\open\src\hotspot\share\prims\jni.cpp, line 520]
Event: 964.402 Thread 0x00000228c6354350 Exception <a 'java/lang/NoClassDefFoundError'{0x00000006054a3028}: org/flywaydb/core/Flyway> (0x00000006054a3028) 
thrown [s\open\src\hotspot\share\oops\constantPool.cpp, line 867]
Event: 965.025 Thread 0x00000228c6354350 Exception <a 'java/lang/NoClassDefFoundError'{0x00000006054a3688}: liquibase/integration/spring/SpringLiquibase> (0x00000006054a3688) 
thrown [s\open\src\hotspot\share\oops\constantPool.cpp, line 867]
Event: 965.031 Thread 0x00000228c6354350 Exception <a 'java/lang/NoClassDefFoundError'{0x00000006055197b8}: org/jooq/DSLContext> (0x00000006055197b8) 
thrown [s\open\src\hotspot\share\oops\constantPool.cpp, line 867]
Event: 965.033 Thread 0x00000228c6354350 Exception <a 'java/lang/NoClassDefFoundError'{0x00000006055260c0}: org/springframework/batch/core/repository/JobRepository> (0x00000006055260c0) 
thrown [s\open\src\hotspot\share\oops\constantPool.cpp, line 867]
Event: 965.034 Thread 0x00000228c6354350 Exception <a 'java/lang/NoClassDefFoundError'{0x0000000605526718}: org/quartz/Scheduler> (0x0000000605526718) 
thrown [s\open\src\hotspot\share\oops\constantPool.cpp, line 867]
Event: 965.034 Thread 0x00000228c6354350 Exception <a 'java/lang/NoClassDefFoundError'{0x0000000605526dd0}: org/springframework/session/jdbc/JdbcIndexedSessionRepository> (0x0000000605526dd0) 
thrown [s\open\src\hotspot\share\oops\constantPool.cpp, line 867]
Event: 965.041 Thread 0x00000228c6354350 Exception <a 'java/lang/NoSuchMethodError'{0x00000006055b7fd8}: 'void java.lang.invoke.DelegatingMethodHandle$Holder.reinvoke_L(java.lang.Object, java.lang.Object, int)'> (0x00000006055b7fd8) 
thrown [s\open\src\hotspot\share\interpreter\linkResolver.cpp, line 796]
Event: 965.117 Thread 0x00000228c6354350 Exception <a 'java/lang/NoSuchMethodError'{0x0000000604c861c0}: 'int java.lang.invoke.DirectMethodHandle$Holder.invokeVirtual(java.lang.Object, java.lang.Object, java.lang.Object, java.lang.Object)'> (0x0000000604c861c0) 
thrown [s\open\src\hotspot\share\interpreter\linkResolver.cpp, line 796]
Event: 965.117 Thread 0x00000228c6354350 Exception <a 'java/lang/NoSuchMethodError'{0x0000000604c897d8}: 'int java.lang.invoke.DelegatingMethodHandle$Holder.reinvoke_L(java.lang.Object, java.lang.Object, java.lang.Object, java.lang.Object)'> (0x0000000604c897d8) 
thrown [s\open\src\hotspot\share\interpreter\linkResolver.cpp, line 796]
Event: 965.140 Thread 0x00000228c6354350 Exception <a 'java/io/FileNotFoundException'{0x0000000604cddb38}> (0x0000000604cddb38) 
thrown [s\open\src\hotspot\share\prims\jni.cpp, line 520]
Event: 965.168 Thread 0x00000228c6354350 Exception <a 'java/io/FileNotFoundException'{0x0000000604e903f0}> (0x0000000604e903f0) 
thrown [s\open\src\hotspot\share\prims\jni.cpp, line 520]

VM Operations (20 events):
Event: 967.691 Executing VM operation: get/set locals
Event: 967.691 Executing VM operation: get/set locals done
Event: 967.692 Executing VM operation: get/set locals
Event: 967.692 Executing VM operation: get/set locals done
Event: 967.693 Executing VM operation: get/set locals
Event: 967.693 Executing VM operation: get/set locals done
Event: 967.694 Executing VM operation: get/set locals
Event: 967.694 Executing VM operation: get/set locals done
Event: 967.696 Executing VM operation: get/set locals
Event: 967.696 Executing VM operation: get/set locals done
Event: 967.697 Executing VM operation: get/set locals
Event: 967.697 Executing VM operation: get/set locals done
Event: 999.760 Executing VM operation: ChangeSingleStep
Event: 999.760 Executing VM operation: ChangeSingleStep done
Event: 999.762 Executing VM operation: ChangeSingleStep
Event: 999.762 Executing VM operation: ChangeSingleStep done
Event: 999.781 Executing VM operation: RedefineClasses
Event: 999.804 Executing VM operation: RedefineClasses done
Event: 999.806 Executing VM operation: ChangeSingleStep
Event: 999.806 Executing VM operation: ChangeSingleStep done

Memory protections (0 events):
No events

Nmethod flushes (20 events):
Event: 964.081 Thread 0x00000228c100baf0 flushing  nmethod 0x00000228eb98eb08
Event: 964.081 Thread 0x00000228c100baf0 flushing  nmethod 0x00000228eb993b08
Event: 964.081 Thread 0x00000228c100baf0 flushing  nmethod 0x00000228eb994108
Event: 964.081 Thread 0x00000228c100baf0 flushing  nmethod 0x00000228eb997708
Event: 964.081 Thread 0x00000228c100baf0 flushing  nmethod 0x00000228eba20a08
Event: 964.081 Thread 0x00000228c100baf0 flushing  nmethod 0x00000228ebb35408
Event: 964.081 Thread 0x00000228c100baf0 flushing  nmethod 0x00000228ebb71188
Event: 964.081 Thread 0x00000228c100baf0 flushing  nmethod 0x00000228ebb71688
Event: 964.081 Thread 0x00000228c100baf0 flushing  nmethod 0x00000228ebb9a488
Event: 964.081 Thread 0x00000228c100baf0 flushing  nmethod 0x00000228ebbf9c88
Event: 964.081 Thread 0x00000228c100baf0 flushing  nmethod 0x00000228ebcaf588
Event: 964.081 Thread 0x00000228c100baf0 flushing  nmethod 0x00000228ebd31888
Event: 964.081 Thread 0x00000228c100baf0 flushing  nmethod 0x00000228ebd44b08
Event: 964.081 Thread 0x00000228c100baf0 flushing  nmethod 0x00000228ebd72288
Event: 964.081 Thread 0x00000228c100baf0 flushing  nmethod 0x00000228ebd72608
Event: 964.081 Thread 0x00000228c100baf0 flushing  nmethod 0x00000228ebd9ae88
Event: 964.081 Thread 0x00000228c100baf0 flushing  nmethod 0x00000228ebe22808
Event: 964.081 Thread 0x00000228c100baf0 flushing  nmethod 0x00000228ebe22e08
Event: 964.081 Thread 0x00000228c100baf0 flushing  nmethod 0x00000228ebe45188
Event: 964.081 Thread 0x00000228c100baf0 flushing  nmethod 0x00000228ebe92088

Events (20 events):
Event: 964.035 Thread 0x00000228c8c8f980 Thread exited: 0x00000228c8c8f980
Event: 964.038 Thread 0x00000228c6352fa0 Thread added: 0x00000228c6354350
Event: 964.038 Thread 0x00000228c6352910 Thread exited: 0x00000228c6352910
Event: 964.040 Thread 0x00000228c6354350 Thread exited: 0x00000228c6354350
Event: 964.045 Thread 0x00000228c6352280 Thread exited: 0x00000228c6352280
Event: 964.104 Thread 0x00000228c6352fa0 Thread added: 0x00000228c6352280
Event: 964.104 Thread 0x00000228c6352280 Thread exited: 0x00000228c6352280
Event: 964.105 Thread 0x00000228c6352fa0 Thread added: 0x00000228c6354350
Event: 964.106 Thread 0x00000228c6353630 Thread exited: 0x00000228c6353630
Event: 964.106 Thread 0x00000228c6351bf0 Thread exited: 0x00000228c6351bf0
Event: 964.169 Thread 0x00000228c6354350 Thread added: 0x00000228c6351bf0
Event: 964.206 Thread 0x00000228c6351bf0 Thread exited: 0x00000228c6351bf0
Event: 965.169 Thread 0x00000228c6354350 Thread added: 0x00000228c6351bf0
Event: 965.169 Thread 0x00000228c6354350 Thread added: 0x00000228c6352280
Event: 965.169 Thread 0x00000228c6354350 Thread added: 0x00000228c6353630
Event: 965.289 Thread 0x00000228c6354350 Thread added: 0x00000228c6352910
Event: 965.305 Thread 0x00000228c103c840 Thread added: 0x00000228c6c474c0
Event: 965.391 Thread 0x00000228c6352910 Thread added: 0x00000228c8c8be70
Event: 971.038 Thread 0x00000228c6c474c0 Thread exited: 0x00000228c6c474c0
Event: 971.112 Thread 0x00000228c8c8be70 Thread exited: 0x00000228c8c8be70


Dynamic libraries:
0x00007ff66d990000 - 0x00007ff66d9a0000 	C:\Program Files\Java\jdk-23.0.1\bin\javaw.exe
0x00007ffb217b0000 - 0x00007ffb219a8000 	C:\Windows\SYSTEM32\ntdll.dll
0x00007ffb1fb20000 - 0x00007ffb1fbe2000 	C:\Windows\System32\KERNEL32.DLL
0x00007ffb1ef90000 - 0x00007ffb1f28e000 	C:\Windows\System32\KERNELBASE.dll
0x00007ffb1f3b0000 - 0x00007ffb1f4b0000 	C:\Windows\System32\ucrtbase.dll
0x00007ffacc340000 - 0x00007ffacc35b000 	C:\Program Files\Java\jdk-23.0.1\bin\VCRUNTIME140.dll
0x00007ffaac510000 - 0x00007ffaac527000 	C:\Program Files\Java\jdk-23.0.1\bin\jli.dll
0x00007ffb202a0000 - 0x00007ffb2043d000 	C:\Windows\System32\USER32.dll
0x00007ffb07630000 - 0x00007ffb078ca000 	C:\Windows\WinSxS\amd64_microsoft.windows.common-controls_6595b64144ccf1df_6.0.19041.4355_none_60b8b9eb71f62e16\COMCTL32.dll
0x00007ffb1f610000 - 0x00007ffb1f632000 	C:\Windows\System32\win32u.dll
0x00007ffb20750000 - 0x00007ffb207ee000 	C:\Windows\System32\msvcrt.dll
0x00007ffb20920000 - 0x00007ffb2094b000 	C:\Windows\System32\GDI32.dll
0x00007ffb1f290000 - 0x00007ffb1f3a7000 	C:\Windows\System32\gdi32full.dll
0x00007ffb1eef0000 - 0x00007ffb1ef8d000 	C:\Windows\System32\msvcp_win.dll
0x00007ffb1f830000 - 0x00007ffb1f85f000 	C:\Windows\System32\IMM32.DLL
0x00007ffaa8990000 - 0x00007ffaa8a41000 	C:\Program Files\McAfee\Endpoint Security\Threat Prevention\Ips\EpMPApi.dll
0x00007ffb207f0000 - 0x00007ffb20913000 	C:\Windows\System32\RPCRT4.dll
0x00007ffb20950000 - 0x00007ffb20a01000 	C:\Windows\System32\ADVAPI32.dll
0x00007ffb20e90000 - 0x00007ffb20f2f000 	C:\Windows\System32\sechost.dll
0x00007ffb1ee50000 - 0x00007ffb1ee77000 	C:\Windows\System32\bcrypt.dll
0x00007ffb1ee80000 - 0x00007ffb1eee9000 	C:\Windows\System32\WINTRUST.dll
0x00007ffb1f4b0000 - 0x00007ffb1f60c000 	C:\Windows\System32\CRYPT32.dll
0x00007ffb1ea10000 - 0x00007ffb1ea22000 	C:\Windows\SYSTEM32\MSASN1.dll
0x000000006e840000 - 0x000000006e84c000 	C:\Program Files\McAfee\Endpoint Security\Threat Prevention\Ips\EpMPThe.dll
0x00007ffaf1a00000 - 0x00007ffaf1a0c000 	C:\Program Files\Java\jdk-23.0.1\bin\vcruntime140_1.dll
0x00007ffa64b20000 - 0x00007ffa64bae000 	C:\Program Files\Java\jdk-23.0.1\bin\msvcp140.dll
0x00007ffa63740000 - 0x00007ffa6448f000 	C:\Program Files\Java\jdk-23.0.1\bin\server\jvm.dll
0x00007ffb20570000 - 0x00007ffb205db000 	C:\Windows\System32\WS2_32.dll
0x00007ffb1e350000 - 0x00007ffb1e39b000 	C:\Windows\SYSTEM32\POWRPROF.dll
0x00007ffb13f40000 - 0x00007ffb13f4a000 	C:\Windows\SYSTEM32\VERSION.dll
0x00007ffb06890000 - 0x00007ffb068b7000 	C:\Windows\SYSTEM32\WINMM.dll
0x00007ffb1e210000 - 0x00007ffb1e222000 	C:\Windows\SYSTEM32\UMPDC.dll
0x00007ffb1d700000 - 0x00007ffb1d712000 	C:\Windows\SYSTEM32\kernel.appcore.dll
0x00007ffaf18a0000 - 0x00007ffaf18aa000 	C:\Program Files\Java\jdk-23.0.1\bin\jimage.dll
0x00007ffb1a110000 - 0x00007ffb1a2f4000 	C:\Windows\SYSTEM32\DBGHELP.DLL
0x00007ffaefc90000 - 0x00007ffaefcc4000 	C:\Windows\SYSTEM32\dbgcore.DLL
0x00007ffb1f740000 - 0x00007ffb1f7c2000 	C:\Windows\System32\bcryptPrimitives.dll
0x00007ffa85bf0000 - 0x00007ffa85c2c000 	C:\Program Files\Java\jdk-23.0.1\bin\jdwp.dll
0x00007ffae0560000 - 0x00007ffae056f000 	C:\Program Files\Java\jdk-23.0.1\bin\instrument.dll
0x00007ffaa1980000 - 0x00007ffaa199e000 	C:\Program Files\Java\jdk-23.0.1\bin\java.dll
0x00007ffb20440000 - 0x00007ffb2056b000 	C:\Windows\System32\ole32.dll
0x00007ffb20a10000 - 0x00007ffb20d63000 	C:\Windows\System32\combase.dll
0x00000228eabb0000 - 0x00000228eb31d000 	C:\Windows\System32\SHELL32.dll
0x00007ffb19960000 - 0x00007ffb1a104000 	C:\Windows\SYSTEM32\windows.storage.dll
0x00007ffb1e7a0000 - 0x00007ffb1e7ce000 	C:\Windows\SYSTEM32\Wldp.dll
0x00007ffb216a0000 - 0x00007ffb2176d000 	C:\Windows\System32\OLEAUT32.dll
0x00007ffb1f9f0000 - 0x00007ffb1fa9d000 	C:\Windows\System32\SHCORE.dll
0x00007ffb20600000 - 0x00007ffb20655000 	C:\Windows\System32\shlwapi.dll
0x00007ffb1ed80000 - 0x00007ffb1eda4000 	C:\Windows\SYSTEM32\profapi.dll
0x00007ffadf460000 - 0x00007ffadf46c000 	C:\Program Files\Java\jdk-23.0.1\bin\dt_socket.dll
0x00007ffb1e230000 - 0x00007ffb1e26b000 	C:\Windows\SYSTEM32\IPHLPAPI.DLL
0x00007ffb1e580000 - 0x00007ffb1e5ea000 	C:\Windows\system32\mswsock.dll
0x00007ffb1e280000 - 0x00007ffb1e34a000 	C:\Windows\SYSTEM32\DNSAPI.dll
0x00007ffb20740000 - 0x00007ffb20748000 	C:\Windows\System32\NSI.dll
0x00007ffb0eb00000 - 0x00007ffb0eb0a000 	C:\Windows\System32\rasadhlp.dll
0x00007ffb16560000 - 0x00007ffb165e0000 	C:\Windows\System32\fwpuclnt.dll
0x00007ffa9e690000 - 0x00007ffa9e6a7000 	C:\Program Files\Java\jdk-23.0.1\bin\zip.dll
0x00007ffadd000000 - 0x00007ffadd010000 	C:\Program Files\Java\jdk-23.0.1\bin\net.dll
0x00007ffa64b00000 - 0x00007ffa64b16000 	C:\Program Files\Java\jdk-23.0.1\bin\nio.dll
0x00007ffadc9f0000 - 0x00007ffadc9fa000 	C:\Program Files\Java\jdk-23.0.1\bin\management.dll
0x00007ffadc3d0000 - 0x00007ffadc3db000 	C:\Program Files\Java\jdk-23.0.1\bin\management_ext.dll
0x00007ffb1fb00000 - 0x00007ffb1fb08000 	C:\Windows\System32\PSAPI.DLL
0x00007ffaf9fc0000 - 0x00007ffaf9fd7000 	C:\Windows\system32\napinsp.dll
0x00007ffaf8f40000 - 0x00007ffaf8f5b000 	C:\Windows\system32\pnrpnsp.dll
0x00007ffb16850000 - 0x00007ffb16865000 	C:\Windows\system32\wshbth.dll
0x00007ffb16280000 - 0x00007ffb1629d000 	C:\Windows\system32\NLAapi.dll
0x00007ffaf8f20000 - 0x00007ffaf8f32000 	C:\Windows\System32\winrnr.dll
0x00007ffb1e7e0000 - 0x00007ffb1e7f8000 	C:\Windows\SYSTEM32\CRYPTSP.dll
0x00007ffb1de50000 - 0x00007ffb1de84000 	C:\Windows\system32\rsaenh.dll
0x00007ffb1ed00000 - 0x00007ffb1ed2e000 	C:\Windows\SYSTEM32\USERENV.dll
0x00007ffb1e710000 - 0x00007ffb1e71c000 	C:\Windows\SYSTEM32\CRYPTBASE.dll
0x00007ffadba40000 - 0x00007ffadba49000 	C:\Program Files\Java\jdk-23.0.1\bin\extnet.dll
0x00007ffadb1d0000 - 0x00007ffadb1e0000 	C:\Program Files\Java\jdk-23.0.1\bin\verify.dll
0x00007ffad7470000 - 0x00007ffad747e000 	C:\Program Files\Java\jdk-23.0.1\bin\sunmscapi.dll
0x00007ffb1e8f0000 - 0x00007ffb1e917000 	C:\Windows\SYSTEM32\ncrypt.dll
0x00007ffb1e8b0000 - 0x00007ffb1e8eb000 	C:\Windows\SYSTEM32\NTASN1.dll
0x00007ffaf79e0000 - 0x00007ffaf79e7000 	C:\Windows\system32\wshunix.dll

dbghelp: loaded successfully - version: 4.0.5 - missing functions: none
symbol engine: initialized successfully - sym options: 0x614 - pdb path: .;C:\Program Files\Java\jdk-23.0.1\bin;C:\Windows\SYSTEM32;C:\Windows\WinSxS\amd64_microsoft.windows.common-controls_6595b64144ccf1df_6.0.19041.4355_none_60b8b9eb71f62e16;C:\Program Files\McAfee\Endpoint Security\Threat Prevention\Ips;C:\Program Files\Java\jdk-23.0.1\bin\server

VM Arguments:
jvm_args: -XX:+ShowCodeDetailsInExceptionMessages -agentlib:jdwp=transport=dt_socket,suspend=y,address=localhost:58666 -Dcom.sun.management.jmxremote -Dcom.sun.management.jmxremote.port=58664 -Dcom.sun.management.jmxremote.authenticate=false -Dcom.sun.management.jmxremote.ssl=false -Djava.rmi.server.hostname=localhost -Dspring.jmx.enabled=true -Dmanagement.endpoints.jmx.exposure.include=* -Dspring.application.admin.enabled=true -XX:TieredStopAtLevel=1 -Dspring.boot.project.name=grocerystoreproject -javaagent:E:\Softwares\spring-tool-suite-4-4.26.0.RELEASE-e4.33.0-win32.win32.x86_64\sts-4.26.0.RELEASE\configuration\org.eclipse.osgi\271\0\.cp\lib\javaagent-shaded.jar -Dfile.encoding=UTF-8 -Dstdout.encoding=UTF-8 -Dstderr.encoding=UTF-8 
java_command: com.grocerystore.GroceryStoreProjectApplication --spring.output.ansi.enabled=always
java_class_path (initial): E:\WorkspacesForPractice\practice1\grocerystoreproject\target\classes;C:\Users\amolsuryabhans\.m2\repository\org\springframework\boot\spring-boot-starter-data-jpa\3.3.5\spring-boot-starter-data-jpa-3.3.5.jar;C:\Users\amolsuryabhans\.m2\repository\org\springframework\boot\spring-boot-starter-aop\3.3.5\spring-boot-starter-aop-3.3.5.jar;C:\Users\amolsuryabhans\.m2\repository\org\springframework\spring-aop\6.1.14\spring-aop-6.1.14.jar;C:\Users\amolsuryabhans\.m2\repository\org\aspectj\aspectjweaver\1.9.22.1\aspectjweaver-1.9.22.1.jar;C:\Users\amolsuryabhans\.m2\repository\org\springframework\boot\spring-boot-starter-jdbc\3.3.5\spring-boot-starter-jdbc-3.3.5.jar;C:\Users\amolsuryabhans\.m2\repository\com\zaxxer\HikariCP\5.1.0\HikariCP-5.1.0.jar;C:\Users\amolsuryabhans\.m2\repository\org\springframework\spring-jdbc\6.1.14\spring-jdbc-6.1.14.jar;C:\Users\amolsuryabhans\.m2\repository\org\springframework\data\spring-data-jpa\3.3.5\spring-data-jpa-3.3.5.jar;C:\Users\amolsuryabhans\.m2\repository\org\springframework\data\spring-data-commons\3.3.5\spring-data-commons-3.3.5.jar;C:\Users\amolsuryabhans\.m2\repository\org\springframework\spring-orm\6.1.14\spring-orm-6.1.14.jar;C:\Users\amolsuryabhans\.m2\repository\org\springframework\spring-context\6.1.14\spring-context-6.1.14.jar;C:\Users\amolsuryabhans\.m2\repository\org\springframework\spring-tx\6.1.14\spring-tx-6.1.14.jar;C:\Users\amolsuryabhans\.m2\repository\org\springframework\spring-beans\6.1.14\spring-beans-6.1.14.jar;C:\Users\amolsuryabhans\.m2\repository\jakarta\annotation\jakarta.annotation-api\2.1.1\jakarta.annotation-api-2.1.1.jar;C:\Users\amolsuryabhans\.m2\repository\org\slf4j\slf4j-api\2.0.16\slf4j-api-2.0.16.jar;C:\Users\amolsuryabhans\.m2\repository\org\springframework\spring-aspects\6.1.14\spring-aspects-6.1.14.jar;C:\Users\amolsuryabhans\.m2\repository\org\postgresql\postgresql\42.7.4\postgresql-42.7.4.jar;C:\Users\amolsuryabhans\.m2\repository\org\checkerframework\checker-qual\3.42.0\checker-qual-3.42.0.jar;C:\Users\amolsuryabhans\.m2\repository\org\springframework\boot\spring-boot-starter-web\3.3.5\spring-boot-starter-web-3.3.5.jar;C:\Users\amolsuryabhans\.m2\repository\org\springframework\boot\spring-boot-starter\3.3.5\spring-boot-starter-3.3.5.jar;C:\Users\amolsuryabhans\.m2\repository\org\springframework\boot\spring-boot-starter-logging\3.3.5\spring-boot-starter-logging-3.3.5.jar;C:\Users\amolsuryabhans\.m2\repository\ch\qos\logback\logback-classic\1.5.11\logback-classic-1.5.11.jar;C:\Users\amolsuryabhans\.m2\repository\ch\qos\logback\logback-core\1.5.11\logback-core-1.5.11.jar;C:\Users\amolsuryabhans\.m2\repository\org\apache\logging\log4j\log4j-to-slf4j\2.23.1\log4j-to-slf4j-2.23.1.jar;C:\Users\amolsuryabhans\.m2\repository\org\apache\logging\log4j\log4j-api\2.23.1\log4j-api-2.23.1.jar;C:\Users\amolsuryabhans\.m2\repository\org\slf4j\jul-to-slf4j\2.0.16\jul-to-slf4j-2.0.16.jar;C:\Users\amolsuryabhans\.m2\repository\org\yaml\snakeyaml\2.2\snakeyaml-2.2.jar;C:\Users\amolsuryabhans\.m2\repository\org\springframework\boot\spring-boot-starter-json\3.3.5\spring-boot-starter-json-3.3.5.jar;C:\Users\amolsuryabhans\.m2\repository\com\fasterxml\jackson\core\jackson-databind\2.17.2\jackson-databind-2.17.2.jar;C:\Users\amolsuryabhans\.m2\repository\com\fasterxml\jackson\core\jackson-annotations\2.17.2\jackson-annotations-2.17.2.jar;C:\Users\amolsuryabhans\.m2\repository\com\fasterxml\jackson\core\jackson-core\2.17.2\jackson-core-2.17.2.jar;C:\Users\amolsuryabhans\.m2\repository\com\fasterxml\jackson\datatype\jackson-datatype-jdk8\2.17.2\jackson-datatype-jdk8-2.17.2.jar;C:\Users\amolsuryabhans\.m2\repository\com\fasterxml\jackson\datatype\jackson-datatype-jsr310\2.17.2\jackson-datatype-jsr310-2.17.2.jar;C:\Users\amolsuryabhans\.m2\repository\com\fasterxml\jackson\module\jackson-module-parameter-names\2.17.2\jackson-module-parameter-names-2.17.2.jar;C:\Users\amolsuryabhans\.m2\repository\org\springframework\boot\spring-boot-starter-tomcat\3.3.5\spring-boot-starter-tomcat-3.3.5.jar;C:\Users\amolsuryabhans\.m2\repository\org\apache\tomcat\embed\tomcat-embed-core\10.1.31\tomcat-embed-core-10.1.31.jar;C:\Users\amolsuryabhans\.m2\repository\org\apache\tomcat\embed\tomcat-embed-el\10.1.31\tomcat-embed-el-10.1.31.jar;C:\Users\amolsuryabhans\.m2\repository\org\apache\tomcat\embed\tomcat-embed-websocket\10.1.31\tomcat-embed-websocket-10.1.31.jar;C:\Users\amolsuryabhans\.m2\repository\org\springframework\spring-web\6.1.14\spring-web-6.1.14.jar;C:\Users\amolsuryabhans\.m2\repository\io\micrometer\micrometer-observation\1.13.6\micrometer-observation-1.13.6.jar;C:\Users\amolsuryabhans\.m2\repository\io\micrometer\micrometer-commons\1.13.6\micrometer-commons-1.13.6.jar;C:\Users\amolsuryabhans\.m2\repository\org\springframework\spring-webmvc\6.1.14\spring-webmvc-6.1.14.jar;C:\Users\amolsuryabhans\.m2\repository\org\springframework\spring-expression\6.1.14\spring-expression-6.1.14.jar;C:\Users\amolsuryabhans\.m2\repository\jakarta\xml\bind\jakarta.xml.bind-api\4.0.2\jakarta.xml.bind-api-4.0.2.jar;C:\Users\amolsuryabhans\.m2\repository\jakarta\activation\jakarta.activation-api\2.1.3\jakarta.activation-api-2.1.3.jar;C:\Users\amolsuryabhans\.m2\repository\org\springframework\spring-core\6.1.14\spring-core-6.1.14.jar;C:\Users\amolsuryabhans\.m2\repository\org\springframework\spring-jcl\6.1.14\spring-jcl-6.1.14.jar;C:\Users\amolsuryabhans\.m2\repository\org\springframework\boot\spring-boot-devtools\3.3.5\spring-boot-devtools-3.3.5.jar;C:\Users\amolsuryabhans\.m2\repository\org\springframework\boot\spring-boot\3.3.5\spring-boot-3.3.5.jar;C:\Users\amolsuryabhans\.m2\repository\org\springframework\boot\spring-boot-autoconfigure\3.3.5\spring-boot-autoconfigure-3.3.5.jar;C:\Users\amolsuryabhans\.m2\repository\org\hibernate\orm\hibernate-core\6.5.3.Final\hibernate-core-6.5.3.Final.jar;C:\Users\amolsuryabhans\.m2\repository\jakarta\persistence\jakarta.persistence-api\3.1.0\jakarta.persistence-api-3.1.0.jar;C:\Users\amolsuryabhans\.m2\repository\jakarta\transaction\jakarta.transaction-api\2.0.1\jakarta.transaction-api-2.0.1.jar;C:\Users\amolsuryabhans\.m2\repository\org\jboss\logging\jboss-logging\3.5.3.Final\jboss-logging-3.5.3.Final.jar;C:\Users\amolsuryabhans\.m2\repository\org\hibernate\common\hibernate-commons-annotations\6.0.6.Final\hibernate-commons-annotations-6.0.6.Final.jar;C:\Users\amolsuryabhans\.m2\repository\io\smallrye\jandex\3.1.2\jandex-3.1.2.jar;C:\Users\amolsuryabhans\.m2\repository\com\fasterxml\classmate\1.7.0\classmate-1.7.0.jar;C:\Users\amolsuryabhans\.m2\repository\net\bytebuddy\byte-buddy\1.14.19\byte-buddy-1.14.19.jar;C:\Users\amolsuryabhans\.m2\repository\org\glassfish\jaxb\jaxb-runtime\4.0.5\jaxb-runtime-4.0.5.jar;C:\Users\amolsuryabhans\.m2\repository\org\glassfish\jaxb\jaxb-core\4.0.5\jaxb-core-4.0.5.jar;C:\Users\amolsuryabhans\.m2\repository\org\eclipse\angus\angus-activation\2.0.2\angus-activation-2.0.2.jar;C:\Users\amolsuryabhans\.m2\repository\org\glassfish\jaxb\txw2\4.0.5\txw2-4.0.5.jar;C:\Users\amolsuryabhans\.m2\repository\com\sun\istack\istack-commons-runtime\4.1.2\istack-commons-runtime-4.1.2.jar;C:\Users\amolsuryabhans\.m2\repository\jakarta\inject\jakarta.inject-api\2.0.1\jakarta.inject-api-2.0.1.jar;C:\Users\amolsuryabhans\.m2\repository\org\antlr\antlr4-runtime\4.13.0\antlr4-runtime-4.13.0.jar
Launcher Type: SUN_STANDARD

[Global flags]
     intx CICompilerCount                          = 4                                         {product} {ergonomic}
     uint ConcGCThreads                            = 2                                         {product} {ergonomic}
     uint G1ConcRefinementThreads                  = 8                                         {product} {ergonomic}
   size_t G1HeapRegionSize                         = 4194304                                   {product} {ergonomic}
   size_t InitialHeapSize                          = 536870912                                 {product} {ergonomic}
     bool ManagementServer                         = true                                      {product} {command line}
   size_t MarkStackSize                            = 4194304                                   {product} {ergonomic}
   size_t MarkStackSizeMax                         = 536870912                                 {product} {ergonomic}
   size_t MaxHeapSize                              = 8556380160                                {product} {ergonomic}
   size_t MaxNewSize                               = 5133828096                                {product} {ergonomic}
   size_t MinHeapDeltaBytes                        = 4194304                                   {product} {ergonomic}
   size_t MinHeapSize                              = 8388608                                   {product} {ergonomic}
    uintx NonNMethodCodeHeapSize                   = 4096                                   {pd product} {ergonomic}
    uintx NonProfiledCodeHeapSize                  = 0                                      {pd product} {ergonomic}
     bool ProfileInterpreter                       = false                                  {pd product} {command line}
    uintx ProfiledCodeHeapSize                     = 0                                      {pd product} {ergonomic}
     bool ShowCodeDetailsInExceptionMessages       = true                                   {manageable} {command line}
   size_t SoftMaxHeapSize                          = 8556380160                             {manageable} {ergonomic}
     intx TieredStopAtLevel                        = 1                                         {product} {command line}
     bool UseCompressedOops                        = true                           {product lp64_product} {ergonomic}
     bool UseG1GC                                  = true                                      {product} {ergonomic}
     bool UseLargePagesIndividualAllocation        = false                                  {pd product} {ergonomic}

Logging:
Log output configuration:
 #0: stdout all=warning uptime,level,tags foldmultilines=false
 #1: stderr all=off uptime,level,tags foldmultilines=false

Environment Variables:
PATH=E:/Softwares/spring-tool-suite-4-4.26.0.RELEASE-e4.33.0-win32.win32.x86_64/sts-4.26.0.RELEASE//plugins/org.eclipse.justj.openjdk.hotspot.jre.full.win32.x86_64_21.0.4.v20240802-1551/jre/bin/server;E:/Softwares/spring-tool-suite-4-4.26.0.RELEASE-e4.33.0-win32.win32.x86_64/sts-4.26.0.RELEASE//plugins/org.eclipse.justj.openjdk.hotspot.jre.full.win32.x86_64_21.0.4.v20240802-1551/jre/bin;C:\Anaconda3;C:\Anaconda3\Library\mingw-w64\bin;C:\Anaconda3\Library\usr\bin;C:\Anaconda3\Library\bin;C:\Anaconda3\Scripts;C:\Program Files (x86)\Common Files\Oracle\Java\javapath;C:\Windows\system32;C:\Windows;C:\Windows\System32\Wbem;C:\Windows\System32\WindowsPowerShell\v1.0\;C:\Windows\System32\OpenSSH\;C:\Program Files\dotnet\;C:\Program Files (x86)\Intel\Intel(R) Management Engine Components\DAL;C:\Program Files\Intel\Intel(R) Management Engine Components\DAL;C:\Program Files\Docker\Docker\resources\bin;C:\Users\amolsuryabhans\AppData\Local\Microsoft\WindowsApps;C:\Users\amolsuryabhans\.dotnet\tools;;C:\Program Files\JetBrains\PyCharm Community Edition 2023.3.4\bin;;C:\Users\amolsuryabhans\AppData\Local\Programs\Microsoft VS Code\bin;E:\Softwares\spring-tool-suite-4-4.26.0.RELEASE-e4.33.0-win32.win32.x86_64\sts-4.26.0.RELEASE;
USERNAME=amolsuryabhans
OS=Windows_NT
PROCESSOR_IDENTIFIER=Intel64 Family 6 Model 142 Stepping 10, GenuineIntel
TMP=C:\Users\AMOLSU~1\AppData\Local\Temp
TEMP=C:\Users\AMOLSU~1\AppData\Local\Temp




Periodic native trim disabled

---------------  S Y S T E M  ---------------

OS:
 Windows 10 , 64 bit Build 19041 (10.0.19041.5072)
OS uptime: 10 days 12:53 hours
Hyper-V role detected

CPU: total 8 (initial active 8) (4 cores per cpu, 2 threads per core) family 6 model 142 stepping 10 microcode 0xf6, cx8, cmov, fxsr, ht, mmx, 3dnowpref, sse, sse2, sse3, ssse3, sse4.1, sse4.2, popcnt, lzcnt, tsc, tscinvbit, avx, avx2, aes, erms, clmul, bmi1, bmi2, rtm, adx, fma, vzeroupper, clflush, clflushopt, hv, rdtscp, f16c
Processor Information for the first 8 processors :
  Max Mhz: 2112, Current Mhz: 1910, Mhz Limit: 1900

Memory: 4k page, system-wide physical 32626M (7748M free)
TotalPageFile size 65252M (AvailPageFile size 24862M)
current process WorkingSet (physical memory assigned to process): 252M, peak: 274M
current process commit charge ("private bytes"): 291M, peak: 650M

vm_info: Java HotSpot(TM) 64-Bit Server VM (23.0.1+11-39) for windows-amd64 JRE (23.0.1+11-39), built on 2024-09-30T07:20:43Z with MS VC++ 17.6 (VS2022)

END.
